Determining if the pthread_create exist failed with the following output:
Change Dir: /home/timur/CLionProjects/CourseWork/cmake-build-debug/CMakeFiles/CMakeTmp

Run Build Command:"/usr/bin/make" "cmTC_be7ee/fast"
make[1]: вход в каталог «/home/timur/CLionProjects/CourseWork/cmake-build-debug/CMakeFiles/CMakeTmp»
/usr/bin/make -f CMakeFiles/cmTC_be7ee.dir/build.make CMakeFiles/cmTC_be7ee.dir/build
make[2]: вход в каталог «/home/timur/CLionProjects/CourseWork/cmake-build-debug/CMakeFiles/CMakeTmp»
Building C object CMakeFiles/cmTC_be7ee.dir/CheckSymbolExists.c.o
/usr/bin/cc    -o CMakeFiles/cmTC_be7ee.dir/CheckSymbolExists.c.o   -c /home/timur/CLionProjects/CourseWork/cmake-build-debug/CMakeFiles/CMakeTmp/CheckSymbolExists.c
Linking C executable cmTC_be7ee
/opt/clion/bin/cmake/bin/cmake -E cmake_link_script CMakeFiles/cmTC_be7ee.dir/link.txt --verbose=1
/usr/bin/cc      CMakeFiles/cmTC_be7ee.dir/CheckSymbolExists.c.o  -o cmTC_be7ee 
CMakeFiles/cmTC_be7ee.dir/CheckSymbolExists.c.o: In function `main':
CheckSymbolExists.c:(.text+0x1b): undefined reference to `pthread_create'
collect2: error: ld returned 1 exit status
CMakeFiles/cmTC_be7ee.dir/build.make:97: ошибка выполнения рецепта для цели «cmTC_be7ee»
make[2]: *** [cmTC_be7ee] Ошибка 1
make[2]: выход из каталога «/home/timur/CLionProjects/CourseWork/cmake-build-debug/CMakeFiles/CMakeTmp»
Makefile:126: ошибка выполнения рецепта для цели «cmTC_be7ee/fast»
make[1]: *** [cmTC_be7ee/fast] Ошибка 2
make[1]: выход из каталога «/home/timur/CLionProjects/CourseWork/cmake-build-debug/CMakeFiles/CMakeTmp»

File /home/timur/CLionProjects/CourseWork/cmake-build-debug/CMakeFiles/CMakeTmp/CheckSymbolExists.c:
/* */
#include <pthread.h>

int main(int argc, char** argv)
{
  (void)argv;
#ifndef pthread_create
  return ((int*)(&pthread_create))[argc];
#else
  (void)argc;
  return 0;
#endif
}

Determining if the function pthread_create exists in the pthreads failed with the following output:
Change Dir: /home/timur/CLionProjects/CourseWork/cmake-build-debug/CMakeFiles/CMakeTmp

Run Build Command:"/usr/bin/make" "cmTC_cd5d2/fast"
make[1]: вход в каталог «/home/timur/CLionProjects/CourseWork/cmake-build-debug/CMakeFiles/CMakeTmp»
/usr/bin/make -f CMakeFiles/cmTC_cd5d2.dir/build.make CMakeFiles/cmTC_cd5d2.dir/build
make[2]: вход в каталог «/home/timur/CLionProjects/CourseWork/cmake-build-debug/CMakeFiles/CMakeTmp»
Building C object CMakeFiles/cmTC_cd5d2.dir/CheckFunctionExists.c.o
/usr/bin/cc   -DCHECK_FUNCTION_EXISTS=pthread_create   -o CMakeFiles/cmTC_cd5d2.dir/CheckFunctionExists.c.o   -c /opt/clion/bin/cmake/share/cmake-3.8/Modules/CheckFunctionExists.c
Linking C executable cmTC_cd5d2
/opt/clion/bin/cmake/bin/cmake -E cmake_link_script CMakeFiles/cmTC_cd5d2.dir/link.txt --verbose=1
/usr/bin/cc  -DCHECK_FUNCTION_EXISTS=pthread_create    CMakeFiles/cmTC_cd5d2.dir/CheckFunctionExists.c.o  -o cmTC_cd5d2 -lpthreads 
/usr/bin/ld: cannot find -lpthreads
collect2: error: ld returned 1 exit status
CMakeFiles/cmTC_cd5d2.dir/build.make:97: ошибка выполнения рецепта для цели «cmTC_cd5d2»
make[2]: *** [cmTC_cd5d2] Ошибка 1
make[2]: выход из каталога «/home/timur/CLionProjects/CourseWork/cmake-build-debug/CMakeFiles/CMakeTmp»
Makefile:126: ошибка выполнения рецепта для цели «cmTC_cd5d2/fast»
make[1]: *** [cmTC_cd5d2/fast] Ошибка 2
make[1]: выход из каталога «/home/timur/CLionProjects/CourseWork/cmake-build-debug/CMakeFiles/CMakeTmp»


